<?xml version="1.0" encoding="UTF-8"?>
<!-- Generated by org.testng.reporters.JUnitReportReporter -->
<testsuite hostname="SABARINATHAN" failures="2" tests="16" name="runners.TestRunner" time="47.311" errors="0" timestamp="2026-04-21T09:22:56 IST" skipped="0">
  <testcase classname="runners.TestRunner" name="runScenario" time="7.399"/>
  <testcase classname="runners.TestRunner" name="runScenario" time="1.455"/>
  <testcase classname="runners.TestRunner" name="runScenario" time="1.454"/>
  <testcase classname="runners.TestRunner" name="runScenario" time="0.632"/>
  <testcase classname="runners.TestRunner" name="runScenario" time="0.737"/>
  <testcase classname="runners.TestRunner" name="runScenario" time="1.508"/>
  <testcase classname="runners.TestRunner" name="runScenario" time="4.389"/>
  <testcase classname="runners.TestRunner" name="runScenario" time="3.639"/>
  <testcase classname="runners.TestRunner" name="runScenario" time="0.714"/>
  <testcase classname="runners.TestRunner" name="runScenario" time="4.086">
    <failure message="expected [409] but found [400]" type="java.lang.AssertionError">
      <![CDATA[java.lang.AssertionError: expected [409] but found [400]
at org.testng.Assert.fail(Assert.java:111)
at org.testng.Assert.failNotEquals(Assert.java:1590)
at org.testng.Assert.assertEqualsImpl(Assert.java:150)
at org.testng.Assert.assertEquals(Assert.java:132)
at org.testng.Assert.assertEquals(Assert.java:1431)
at org.testng.Assert.assertEquals(Assert.java:1395)
at org.testng.Assert.assertEquals(Assert.java:1441)
at stepDefinitions.BookSteps.validateStatusCode(BookSteps.java:305)
at ✽.the response status should be 409(file:///C:/Users/sabar/git/BookStore_Framework_Sprint/src/test/resources/features-package/BookFeature.feature:59)
]]>
    </failure>
  </testcase> <!-- runScenario -->
  <testcase classname="runners.TestRunner" name="runScenario" time="2.832"/>
  <testcase classname="runners.TestRunner" name="runScenario" time="4.273"/>
  <testcase classname="runners.TestRunner" name="runScenario" time="3.674"/>
  <testcase classname="runners.TestRunner" name="runScenario" time="5.723">
    <failure message="expected [404] but found [400]" type="java.lang.AssertionError">
      <![CDATA[java.lang.AssertionError: expected [404] but found [400]
at org.testng.Assert.fail(Assert.java:111)
at org.testng.Assert.failNotEquals(Assert.java:1590)
at org.testng.Assert.assertEqualsImpl(Assert.java:150)
at org.testng.Assert.assertEquals(Assert.java:132)
at org.testng.Assert.assertEquals(Assert.java:1431)
at org.testng.Assert.assertEquals(Assert.java:1395)
at org.testng.Assert.assertEquals(Assert.java:1441)
at stepDefinitions.BookSteps.validateStatusCode(BookSteps.java:305)
at ✽.the response status should be 404(file:///C:/Users/sabar/git/BookStore_Framework_Sprint/src/test/resources/features-package/BookFeature.feature:100)
]]>
    </failure>
  </testcase> <!-- runScenario -->
  <testcase classname="runners.TestRunner" name="runScenario" time="3.927"/>
  <testcase classname="runners.TestRunner" name="runScenario" time="0.869"/>
</testsuite> <!-- runners.TestRunner -->
