<?xml version="1.0" encoding="UTF-8"?>
<!-- Generated by org.testng.reporters.JUnitReportReporter -->
<testsuite hostname="DESKTOP-FVA2C65" failures="2" tests="16" name="runners.TestRunner" time="57.672" errors="0" timestamp="2026-04-21T09:02:51 IST" skipped="0">
  <testcase classname="runners.TestRunner" name="runScenario" time="11.784">
    <failure message="expected [404] but found [400]" type="java.lang.AssertionError">
      <![CDATA[java.lang.AssertionError: expected [404] but found [400]
at org.testng.Assert.fail(Assert.java:111)
at org.testng.Assert.failNotEquals(Assert.java:1590)
at org.testng.Assert.assertEqualsImpl(Assert.java:150)
at org.testng.Assert.assertEquals(Assert.java:132)
at org.testng.Assert.assertEquals(Assert.java:1431)
at org.testng.Assert.assertEquals(Assert.java:1395)
at org.testng.Assert.assertEquals(Assert.java:1441)
at stepDefinitions.BookSteps.validateStatusCode(BookSteps.java:317)
at ✽.the response status should be 404(file:///C:/Users/moort/git/BookStore_Framework_Sprint/src/test/resources/features-package/BookFeature.feature:100)
]]>
    </failure>
  </testcase> <!-- runScenario -->
  <testcase classname="runners.TestRunner" name="runScenario" time="4.015"/>
  <testcase classname="runners.TestRunner" name="runScenario" time="2.052"/>
  <testcase classname="runners.TestRunner" name="runScenario" time="2.009"/>
  <testcase classname="runners.TestRunner" name="runScenario" time="7.329"/>
  <testcase classname="runners.TestRunner" name="runScenario" time="3.822">
    <failure message="expected [409] but found [400]" type="java.lang.AssertionError">
      <![CDATA[java.lang.AssertionError: expected [409] but found [400]
at org.testng.Assert.fail(Assert.java:111)
at org.testng.Assert.failNotEquals(Assert.java:1590)
at org.testng.Assert.assertEqualsImpl(Assert.java:150)
at org.testng.Assert.assertEquals(Assert.java:132)
at org.testng.Assert.assertEquals(Assert.java:1431)
at org.testng.Assert.assertEquals(Assert.java:1395)
at org.testng.Assert.assertEquals(Assert.java:1441)
at stepDefinitions.BookSteps.validateStatusCode(BookSteps.java:317)
at ✽.the response status should be 409(file:///C:/Users/moort/git/BookStore_Framework_Sprint/src/test/resources/features-package/BookFeature.feature:59)
]]>
    </failure>
  </testcase> <!-- runScenario -->
  <testcase classname="runners.TestRunner" name="runScenario" time="5.669"/>
  <testcase classname="runners.TestRunner" name="runScenario" time="0.615"/>
  <testcase classname="runners.TestRunner" name="runScenario" time="2.341"/>
  <testcase classname="runners.TestRunner" name="runScenario" time="0.724"/>
  <testcase classname="runners.TestRunner" name="runScenario" time="3.429"/>
  <testcase classname="runners.TestRunner" name="runScenario" time="1.355"/>
  <testcase classname="runners.TestRunner" name="runScenario" time="3.122"/>
  <testcase classname="runners.TestRunner" name="runScenario" time="6.170"/>
  <testcase classname="runners.TestRunner" name="runScenario" time="1.297"/>
  <testcase classname="runners.TestRunner" name="runScenario" time="1.939"/>
</testsuite> <!-- runners.TestRunner -->
